2021-10-13 14:29:56,173:INFO:PyCaret Supervised Module
2021-10-13 14:29:56,174:INFO:ML Usecase: anomaly
2021-10-13 14:29:56,174:INFO:version 2.3.4
2021-10-13 14:29:56,174:INFO:Initializing setup()
2021-10-13 14:29:56,174:INFO:setup(target=None, ml_usecase=anomaly, available_plots={'tsne': 'Anomaly TSnE (3d)', 'umap': 'UMAP Dimensionality'}, train_size=0.7, test_data=None, preprocess=True, imputation_type=simple, iterative_imputation_iters=5, categorical_features=None, categorical_imputation=mode, categorical_iterative_imputer=lightgbm, ordinal_features=None, high_cardinality_features=None, high_cardinality_method=frequency, numeric_features=None, numeric_imputation=mean, numeric_iterative_imputer=lightgbm, date_features=None, ignore_features=None, normalize=False, normalize_method=zscore, transformation=False, transformation_method=yeo-johnson, handle_unknown_categorical=True, unknown_categorical_method=least_frequent, pca=False, pca_method=linear, pca_components=None, ignore_low_variance=False, combine_rare_levels=False, rare_level_threshold=0.1, bin_numeric_features=None, remove_outliers=False, outliers_threshold=0.05, remove_multicollinearity=False, multicollinearity_threshold=0.9, remove_perfect_collinearity=False, create_clusters=False, cluster_iter=20, polynomial_features=False, polynomial_degree=2, trigonometry_features=False, polynomial_threshold=0.1, group_features=None, group_names=None, feature_selection=False, feature_selection_threshold=0.8, feature_selection_method=classic, feature_interaction=False, feature_ratio=False, interaction_threshold=0.01, fix_imbalance=False, fix_imbalance_method=None, transform_target=False, transform_target_method=box-cox, data_split_shuffle=False, data_split_stratify=False, fold_strategy=kfold, fold=10, fold_shuffle=False, fold_groups=None, n_jobs=-1, use_gpu=False, custom_pipeline=None, html=True, session_id=None, log_experiment=False, experiment_name=None, log_plots=False, log_profile=False, log_data=False, silent=False, verbose=True, profile=False, profile_kwargs=None, display=None)
2021-10-13 14:29:56,184:INFO:Checking environment
2021-10-13 14:29:56,184:INFO:python_version: 3.8.5
2021-10-13 14:29:56,185:INFO:python_build: ('default', 'Sep  3 2020 21:29:08')
2021-10-13 14:29:56,186:INFO:machine: AMD64
2021-10-13 14:29:56,186:INFO:platform: Windows-10-10.0.19041-SP0
2021-10-13 14:29:56,186:INFO:Memory: svmem(total=8370114560, available=2261901312, percent=73.0, used=6108213248, free=2261901312)
2021-10-13 14:29:56,186:INFO:Physical Core: 2
2021-10-13 14:29:56,186:INFO:Logical Core: 4
2021-10-13 14:29:56,186:INFO:Checking libraries
2021-10-13 14:29:56,187:INFO:pd==1.3.3
2021-10-13 14:29:56,187:INFO:numpy==1.19.5
2021-10-13 14:29:56,187:INFO:sklearn==0.23.2
2021-10-13 14:29:56,187:INFO:lightgbm==3.3.0
2021-10-13 14:29:56,188:WARNING:catboost not found
2021-10-13 14:29:56,189:WARNING:xgboost not found
2021-10-13 14:29:57,380:INFO:mlflow==1.20.2
2021-10-13 14:29:57,380:INFO:Checking Exceptions
2021-10-13 14:29:57,381:INFO:Declaring global variables
2021-10-13 14:29:57,381:INFO:USI: aac5
2021-10-13 14:29:57,381:INFO:pycaret_globals: {'transform_target_param', 'X', 'imputation_classifier', 'logging_param', 'experiment__', 'data_before_preprocess', 'prep_pipe', '_ml_usecase', 'create_model_container', 'iterative_imputation_iters_param', '_all_metrics', 'fix_imbalance_method_param', 'USI', '_all_models_internal', 'log_plots_param', 'gpu_param', 'n_jobs_param', 'exp_name_log', '_all_models', 'pycaret_globals', 'fold_generator', 'target_param', '_gpu_n_jobs_param', 'html_param', 'fold_groups_param', 'display_container', 'imputation_regressor', 'fold_shuffle_param', '_internal_pipeline', '_available_plots', 'master_model_container', 'fold_groups_param_full', 'stratify_param', 'fix_imbalance_param', 'fold_param', 'transform_target_method_param', 'seed'}
2021-10-13 14:29:57,381:INFO:Preparing display monitor
2021-10-13 14:29:57,381:INFO:Preparing display monitor
2021-10-13 14:29:57,407:INFO:Importing libraries
2021-10-13 14:29:57,408:INFO:Copying data for preprocessing
2021-10-13 14:29:57,418:INFO:Declaring preprocessing parameters
2021-10-13 14:29:57,423:INFO:Creating preprocessing pipeline
2021-10-13 14:29:57,503:INFO:Preprocessing pipeline created successfully
2021-10-13 14:29:57,503:ERROR:(Process Exit): setup has been interupted with user command 'quit'. setup must rerun.
2021-10-13 14:29:57,503:INFO:Creating global containers
2021-10-13 14:29:57,526:INFO:Internal pipeline: Pipeline(memory=None, steps=[('empty_step', 'passthrough')], verbose=False)
2021-10-13 14:30:01,286:INFO:Creating grid variables
2021-10-13 14:30:01,310:INFO:create_model_container: 0
2021-10-13 14:30:01,311:INFO:master_model_container: 0
2021-10-13 14:30:01,311:INFO:display_container: 1
2021-10-13 14:30:01,320:INFO:Pipeline(memory=None,
         steps=[('dtypes',
                 DataTypes_Auto_infer(categorical_features=[],
                                      display_types=True, features_todrop=[],
                                      id_columns=[], ml_usecase='regression',
                                      numerical_features=[],
                                      target='UNSUPERVISED_DUMMY_TARGET',
                                      time_features=[])),
                ('imputer',
                 Simple_Imputer(categorical_strategy='most frequent',
                                fill_value_categorical=None,
                                fill_value_numerical=None...
                ('scaling', 'passthrough'), ('P_transform', 'passthrough'),
                ('binn', 'passthrough'), ('rem_outliers', 'passthrough'),
                ('cluster_all', 'passthrough'),
                ('dummy', Dummify(target='UNSUPERVISED_DUMMY_TARGET')),
                ('fix_perfect', 'passthrough'),
                ('clean_names', Clean_Colum_Names()),
                ('feature_select', 'passthrough'), ('fix_multi', 'passthrough'),
                ('dfs', 'passthrough'), ('pca', 'passthrough')],
         verbose=False)
2021-10-13 14:30:01,321:INFO:setup() succesfully completed......................................
2021-10-13 14:31:32,542:INFO:PyCaret Supervised Module
2021-10-13 14:31:32,542:INFO:ML Usecase: anomaly
2021-10-13 14:31:32,543:INFO:version 2.3.4
2021-10-13 14:31:32,543:INFO:Initializing setup()
2021-10-13 14:31:32,543:INFO:setup(target=None, ml_usecase=anomaly, available_plots={'tsne': 'Anomaly TSnE (3d)', 'umap': 'UMAP Dimensionality'}, train_size=0.7, test_data=None, preprocess=True, imputation_type=simple, iterative_imputation_iters=5, categorical_features=None, categorical_imputation=mode, categorical_iterative_imputer=lightgbm, ordinal_features=None, high_cardinality_features=None, high_cardinality_method=frequency, numeric_features=None, numeric_imputation=mean, numeric_iterative_imputer=lightgbm, date_features=None, ignore_features=None, normalize=False, normalize_method=zscore, transformation=False, transformation_method=yeo-johnson, handle_unknown_categorical=True, unknown_categorical_method=least_frequent, pca=False, pca_method=linear, pca_components=None, ignore_low_variance=False, combine_rare_levels=False, rare_level_threshold=0.1, bin_numeric_features=None, remove_outliers=False, outliers_threshold=0.05, remove_multicollinearity=False, multicollinearity_threshold=0.9, remove_perfect_collinearity=False, create_clusters=False, cluster_iter=20, polynomial_features=False, polynomial_degree=2, trigonometry_features=False, polynomial_threshold=0.1, group_features=None, group_names=None, feature_selection=False, feature_selection_threshold=0.8, feature_selection_method=classic, feature_interaction=False, feature_ratio=False, interaction_threshold=0.01, fix_imbalance=False, fix_imbalance_method=None, transform_target=False, transform_target_method=box-cox, data_split_shuffle=False, data_split_stratify=False, fold_strategy=kfold, fold=10, fold_shuffle=False, fold_groups=None, n_jobs=-1, use_gpu=False, custom_pipeline=None, html=True, session_id=None, log_experiment=False, experiment_name=None, log_plots=False, log_profile=False, log_data=False, silent=False, verbose=True, profile=False, profile_kwargs=None, display=None)
2021-10-13 14:31:32,543:INFO:Checking environment
2021-10-13 14:31:32,543:INFO:python_version: 3.8.5
2021-10-13 14:31:32,543:INFO:python_build: ('default', 'Sep  3 2020 21:29:08')
2021-10-13 14:31:32,544:INFO:machine: AMD64
2021-10-13 14:31:32,544:INFO:platform: Windows-10-10.0.19041-SP0
2021-10-13 14:31:32,544:INFO:Memory: svmem(total=8370114560, available=2154053632, percent=74.3, used=6216060928, free=2154053632)
2021-10-13 14:31:32,544:INFO:Physical Core: 2
2021-10-13 14:31:32,544:INFO:Logical Core: 4
2021-10-13 14:31:32,544:INFO:Checking libraries
2021-10-13 14:31:32,545:INFO:pd==1.3.3
2021-10-13 14:31:32,545:INFO:numpy==1.19.5
2021-10-13 14:31:32,545:INFO:sklearn==0.23.2
2021-10-13 14:31:32,545:INFO:lightgbm==3.3.0
2021-10-13 14:31:32,547:WARNING:catboost not found
2021-10-13 14:31:32,548:WARNING:xgboost not found
2021-10-13 14:31:32,548:INFO:mlflow==1.20.2
2021-10-13 14:31:32,548:INFO:Checking Exceptions
2021-10-13 14:31:32,549:INFO:Declaring global variables
2021-10-13 14:31:32,549:INFO:USI: 8adf
2021-10-13 14:31:32,549:INFO:pycaret_globals: {'transform_target_param', 'X', 'imputation_classifier', 'logging_param', 'experiment__', 'data_before_preprocess', 'prep_pipe', '_ml_usecase', 'create_model_container', 'iterative_imputation_iters_param', '_all_metrics', 'fix_imbalance_method_param', 'USI', '_all_models_internal', 'log_plots_param', 'gpu_param', 'n_jobs_param', 'exp_name_log', '_all_models', 'pycaret_globals', 'fold_generator', 'target_param', '_gpu_n_jobs_param', 'html_param', 'fold_groups_param', 'display_container', 'imputation_regressor', 'fold_shuffle_param', '_internal_pipeline', '_available_plots', 'master_model_container', 'fold_groups_param_full', 'stratify_param', 'fix_imbalance_param', 'fold_param', 'transform_target_method_param', 'seed'}
2021-10-13 14:31:32,549:INFO:Preparing display monitor
2021-10-13 14:31:32,549:INFO:Preparing display monitor
2021-10-13 14:31:32,574:INFO:Importing libraries
2021-10-13 14:31:32,574:INFO:Copying data for preprocessing
2021-10-13 14:31:32,588:INFO:Declaring preprocessing parameters
2021-10-13 14:31:32,596:INFO:Creating preprocessing pipeline
2021-10-13 14:31:32,623:INFO:Preprocessing pipeline created successfully
2021-10-13 14:31:32,625:ERROR:(Process Exit): setup has been interupted with user command 'quit'. setup must rerun.
2021-10-13 14:31:32,625:INFO:Creating global containers
2021-10-13 14:31:32,626:INFO:Internal pipeline: Pipeline(memory=None, steps=[('empty_step', 'passthrough')], verbose=False)
2021-10-13 14:31:35,696:INFO:Creating grid variables
2021-10-13 14:31:35,723:INFO:create_model_container: 0
2021-10-13 14:31:35,723:INFO:master_model_container: 0
2021-10-13 14:31:35,723:INFO:display_container: 1
2021-10-13 14:31:35,728:INFO:Pipeline(memory=None,
         steps=[('dtypes',
                 DataTypes_Auto_infer(categorical_features=[],
                                      display_types=True, features_todrop=[],
                                      id_columns=[], ml_usecase='regression',
                                      numerical_features=[],
                                      target='UNSUPERVISED_DUMMY_TARGET',
                                      time_features=[])),
                ('imputer',
                 Simple_Imputer(categorical_strategy='most frequent',
                                fill_value_categorical=None,
                                fill_value_numerical=None...
                ('scaling', 'passthrough'), ('P_transform', 'passthrough'),
                ('binn', 'passthrough'), ('rem_outliers', 'passthrough'),
                ('cluster_all', 'passthrough'),
                ('dummy', Dummify(target='UNSUPERVISED_DUMMY_TARGET')),
                ('fix_perfect', 'passthrough'),
                ('clean_names', Clean_Colum_Names()),
                ('feature_select', 'passthrough'), ('fix_multi', 'passthrough'),
                ('dfs', 'passthrough'), ('pca', 'passthrough')],
         verbose=False)
2021-10-13 14:31:35,728:INFO:setup() succesfully completed......................................
