2021-10-13 13:11:37,382:INFO:PyCaret Supervised Module
2021-10-13 13:11:37,382:INFO:ML Usecase: clustering
2021-10-13 13:11:37,383:INFO:version 2.3.4
2021-10-13 13:11:37,383:INFO:Initializing setup()
2021-10-13 13:11:37,384:INFO:setup(target=None, ml_usecase=clustering, available_plots={'cluster': 'Cluster PCA Plot (2d)', 'tsne': 'Cluster TSnE (3d)', 'elbow': 'Elbow', 'silhouette': 'Silhouette', 'distance': 'Distance', 'distribution': 'Distribution'}, train_size=0.7, test_data=None, preprocess=True, imputation_type=simple, iterative_imputation_iters=5, categorical_features=None, categorical_imputation=mode, categorical_iterative_imputer=lightgbm, ordinal_features=None, high_cardinality_features=None, high_cardinality_method=frequency, numeric_features=None, numeric_imputation=mean, numeric_iterative_imputer=lightgbm, date_features=None, ignore_features=None, normalize=False, normalize_method=zscore, transformation=False, transformation_method=yeo-johnson, handle_unknown_categorical=True, unknown_categorical_method=least_frequent, pca=False, pca_method=linear, pca_components=None, ignore_low_variance=False, combine_rare_levels=False, rare_level_threshold=0.1, bin_numeric_features=None, remove_outliers=False, outliers_threshold=0.05, remove_multicollinearity=False, multicollinearity_threshold=0.9, remove_perfect_collinearity=False, create_clusters=False, cluster_iter=20, polynomial_features=False, polynomial_degree=2, trigonometry_features=False, polynomial_threshold=0.1, group_features=None, group_names=None, feature_selection=False, feature_selection_threshold=0.8, feature_selection_method=classic, feature_interaction=False, feature_ratio=False, interaction_threshold=0.01, fix_imbalance=False, fix_imbalance_method=None, transform_target=False, transform_target_method=box-cox, data_split_shuffle=False, data_split_stratify=False, fold_strategy=kfold, fold=10, fold_shuffle=False, fold_groups=None, n_jobs=-1, use_gpu=False, custom_pipeline=None, html=True, session_id=None, log_experiment=False, experiment_name=None, log_plots=False, log_profile=False, log_data=False, silent=False, verbose=True, profile=False, profile_kwargs=None, display=None)
2021-10-13 13:11:37,410:INFO:Checking environment
2021-10-13 13:11:37,411:INFO:python_version: 3.8.5
2021-10-13 13:11:37,411:INFO:python_build: ('default', 'Sep  3 2020 21:29:08')
2021-10-13 13:11:37,411:INFO:machine: AMD64
2021-10-13 13:11:37,413:INFO:platform: Windows-10-10.0.19041-SP0
2021-10-13 13:11:37,413:INFO:Memory: svmem(total=8370114560, available=1953902592, percent=76.7, used=6416211968, free=1953902592)
2021-10-13 13:11:37,413:INFO:Physical Core: 2
2021-10-13 13:11:37,413:INFO:Logical Core: 4
2021-10-13 13:11:37,413:INFO:Checking libraries
2021-10-13 13:11:37,414:INFO:pd==1.3.3
2021-10-13 13:11:37,414:INFO:numpy==1.19.5
2021-10-13 13:11:37,414:INFO:sklearn==0.23.2
2021-10-13 13:11:37,414:INFO:lightgbm==3.3.0
2021-10-13 13:11:37,416:WARNING:catboost not found
2021-10-13 13:11:37,418:WARNING:xgboost not found
2021-10-13 13:11:38,257:INFO:mlflow==1.20.2
2021-10-13 13:11:38,257:INFO:Checking Exceptions
2021-10-13 13:11:38,257:INFO:Declaring global variables
2021-10-13 13:11:38,257:INFO:USI: 3a57
2021-10-13 13:11:38,258:INFO:pycaret_globals: {'X', '_all_metrics', '_available_plots', 'experiment__', 'prep_pipe', 'create_model_container', 'exp_name_log', 'pycaret_globals', 'USI', 'fold_generator', 'fold_groups_param', 'display_container', 'log_plots_param', 'fold_param', '_ml_usecase', '_all_models', 'imputation_regressor', 'html_param', 'fix_imbalance_method_param', 'target_param', 'n_jobs_param', 'imputation_classifier', 'data_before_preprocess', '_gpu_n_jobs_param', 'gpu_param', 'stratify_param', 'fold_groups_param_full', '_internal_pipeline', 'logging_param', '_all_models_internal', 'master_model_container', 'transform_target_method_param', 'fold_shuffle_param', 'seed', 'transform_target_param', 'fix_imbalance_param', 'iterative_imputation_iters_param'}
2021-10-13 13:11:38,258:INFO:Preparing display monitor
2021-10-13 13:11:38,258:INFO:Preparing display monitor
2021-10-13 13:11:38,281:INFO:Importing libraries
2021-10-13 13:11:38,281:INFO:Copying data for preprocessing
2021-10-13 13:11:38,290:INFO:Declaring preprocessing parameters
2021-10-13 13:11:38,296:INFO:Creating preprocessing pipeline
2021-10-13 13:11:38,302:INFO:Preprocessing pipeline created successfully
2021-10-13 13:11:38,302:ERROR:(Process Exit): setup has been interupted with user command 'quit'. setup must rerun.
2021-10-13 13:11:38,302:INFO:Creating global containers
2021-10-13 13:11:38,305:INFO:Internal pipeline: Pipeline(memory=None, steps=[('empty_step', 'passthrough')], verbose=False)
2021-10-13 13:11:40,580:INFO:Creating grid variables
2021-10-13 13:11:40,632:INFO:create_model_container: 0
2021-10-13 13:11:40,634:INFO:master_model_container: 0
2021-10-13 13:11:40,634:INFO:display_container: 1
2021-10-13 13:11:40,650:INFO:Pipeline(memory=None,
         steps=[('dtypes',
                 DataTypes_Auto_infer(categorical_features=[],
                                      display_types=True, features_todrop=[],
                                      id_columns=[], ml_usecase='regression',
                                      numerical_features=[],
                                      target='UNSUPERVISED_DUMMY_TARGET',
                                      time_features=[])),
                ('imputer',
                 Simple_Imputer(categorical_strategy='most frequent',
                                fill_value_categorical=None,
                                fill_value_numerical=None...
                ('scaling', 'passthrough'), ('P_transform', 'passthrough'),
                ('binn', 'passthrough'), ('rem_outliers', 'passthrough'),
                ('cluster_all', 'passthrough'),
                ('dummy', Dummify(target='UNSUPERVISED_DUMMY_TARGET')),
                ('fix_perfect', 'passthrough'),
                ('clean_names', Clean_Colum_Names()),
                ('feature_select', 'passthrough'), ('fix_multi', 'passthrough'),
                ('dfs', 'passthrough'), ('pca', 'passthrough')],
         verbose=False)
2021-10-13 13:11:40,650:INFO:setup() succesfully completed......................................
2021-10-13 13:40:18,334:INFO:PyCaret Supervised Module
2021-10-13 13:40:18,335:INFO:ML Usecase: anomaly
2021-10-13 13:40:18,341:INFO:version 2.3.4
2021-10-13 13:40:18,342:INFO:Initializing setup()
2021-10-13 13:40:18,342:INFO:setup(target=None, ml_usecase=anomaly, available_plots={'tsne': 'Anomaly TSnE (3d)', 'umap': 'UMAP Dimensionality'}, train_size=0.7, test_data=None, preprocess=True, imputation_type=simple, iterative_imputation_iters=5, categorical_features=None, categorical_imputation=mode, categorical_iterative_imputer=lightgbm, ordinal_features=None, high_cardinality_features=None, high_cardinality_method=frequency, numeric_features=None, numeric_imputation=mean, numeric_iterative_imputer=lightgbm, date_features=None, ignore_features=None, normalize=False, normalize_method=zscore, transformation=False, transformation_method=yeo-johnson, handle_unknown_categorical=True, unknown_categorical_method=least_frequent, pca=False, pca_method=linear, pca_components=None, ignore_low_variance=False, combine_rare_levels=False, rare_level_threshold=0.1, bin_numeric_features=None, remove_outliers=False, outliers_threshold=0.05, remove_multicollinearity=False, multicollinearity_threshold=0.9, remove_perfect_collinearity=False, create_clusters=False, cluster_iter=20, polynomial_features=False, polynomial_degree=2, trigonometry_features=False, polynomial_threshold=0.1, group_features=None, group_names=None, feature_selection=False, feature_selection_threshold=0.8, feature_selection_method=classic, feature_interaction=False, feature_ratio=False, interaction_threshold=0.01, fix_imbalance=False, fix_imbalance_method=None, transform_target=False, transform_target_method=box-cox, data_split_shuffle=False, data_split_stratify=False, fold_strategy=kfold, fold=10, fold_shuffle=False, fold_groups=None, n_jobs=-1, use_gpu=False, custom_pipeline=None, html=True, session_id=None, log_experiment=False, experiment_name=None, log_plots=False, log_profile=False, log_data=False, silent=False, verbose=True, profile=False, profile_kwargs=None, display=None)
2021-10-13 13:40:18,342:INFO:Checking environment
2021-10-13 13:40:18,343:INFO:python_version: 3.8.5
2021-10-13 13:40:18,343:INFO:python_build: ('default', 'Sep  3 2020 21:29:08')
2021-10-13 13:40:18,343:INFO:machine: AMD64
2021-10-13 13:40:18,343:INFO:platform: Windows-10-10.0.19041-SP0
2021-10-13 13:40:18,343:INFO:Memory: svmem(total=8370114560, available=2546241536, percent=69.6, used=5823873024, free=2546241536)
2021-10-13 13:40:18,344:INFO:Physical Core: 2
2021-10-13 13:40:18,344:INFO:Logical Core: 4
2021-10-13 13:40:18,344:INFO:Checking libraries
2021-10-13 13:40:18,344:INFO:pd==1.3.3
2021-10-13 13:40:18,344:INFO:numpy==1.19.5
2021-10-13 13:40:18,344:INFO:sklearn==0.23.2
2021-10-13 13:40:18,344:INFO:lightgbm==3.3.0
2021-10-13 13:40:18,346:WARNING:catboost not found
2021-10-13 13:40:18,347:WARNING:xgboost not found
2021-10-13 13:40:18,347:INFO:mlflow==1.20.2
2021-10-13 13:40:18,347:INFO:Checking Exceptions
2021-10-13 13:40:18,348:INFO:Declaring global variables
2021-10-13 13:40:18,348:INFO:USI: 32be
2021-10-13 13:40:18,348:INFO:pycaret_globals: {'X', '_all_metrics', '_available_plots', 'experiment__', 'prep_pipe', 'create_model_container', 'exp_name_log', 'pycaret_globals', 'USI', 'fold_generator', 'fold_groups_param', 'display_container', 'log_plots_param', 'fold_param', '_ml_usecase', '_all_models', 'imputation_regressor', 'html_param', 'fix_imbalance_method_param', 'target_param', 'n_jobs_param', 'imputation_classifier', 'data_before_preprocess', '_gpu_n_jobs_param', 'gpu_param', 'stratify_param', 'fold_groups_param_full', '_internal_pipeline', 'logging_param', '_all_models_internal', 'master_model_container', 'transform_target_method_param', 'fold_shuffle_param', 'seed', 'transform_target_param', 'fix_imbalance_param', 'iterative_imputation_iters_param'}
2021-10-13 13:40:18,348:INFO:Preparing display monitor
2021-10-13 13:40:18,348:INFO:Preparing display monitor
2021-10-13 13:40:18,381:INFO:Importing libraries
2021-10-13 13:40:18,381:INFO:Copying data for preprocessing
2021-10-13 13:40:18,402:INFO:Declaring preprocessing parameters
2021-10-13 13:40:18,410:INFO:Creating preprocessing pipeline
2021-10-13 13:40:18,427:INFO:Preprocessing pipeline created successfully
2021-10-13 13:40:18,427:ERROR:(Process Exit): setup has been interupted with user command 'quit'. setup must rerun.
2021-10-13 13:40:18,427:INFO:Creating global containers
2021-10-13 13:40:18,428:INFO:Internal pipeline: Pipeline(memory=None, steps=[('empty_step', 'passthrough')], verbose=False)
2021-10-13 13:40:19,892:INFO:Creating grid variables
2021-10-13 13:40:19,915:INFO:create_model_container: 0
2021-10-13 13:40:19,916:INFO:master_model_container: 0
2021-10-13 13:40:19,916:INFO:display_container: 1
2021-10-13 13:40:19,927:INFO:Pipeline(memory=None,
         steps=[('dtypes',
                 DataTypes_Auto_infer(categorical_features=[],
                                      display_types=True, features_todrop=[],
                                      id_columns=[], ml_usecase='regression',
                                      numerical_features=[],
                                      target='UNSUPERVISED_DUMMY_TARGET',
                                      time_features=[])),
                ('imputer',
                 Simple_Imputer(categorical_strategy='most frequent',
                                fill_value_categorical=None,
                                fill_value_numerical=None...
                ('scaling', 'passthrough'), ('P_transform', 'passthrough'),
                ('binn', 'passthrough'), ('rem_outliers', 'passthrough'),
                ('cluster_all', 'passthrough'),
                ('dummy', Dummify(target='UNSUPERVISED_DUMMY_TARGET')),
                ('fix_perfect', 'passthrough'),
                ('clean_names', Clean_Colum_Names()),
                ('feature_select', 'passthrough'), ('fix_multi', 'passthrough'),
                ('dfs', 'passthrough'), ('pca', 'passthrough')],
         verbose=False)
2021-10-13 13:40:19,927:INFO:setup() succesfully completed......................................
2021-11-02 15:42:20,079:INFO:PyCaret Supervised Module
2021-11-02 15:42:20,142:INFO:ML Usecase: anomaly
2021-11-02 15:42:20,142:INFO:version 2.3.4
2021-11-02 15:42:20,142:INFO:Initializing setup()
2021-11-02 15:42:20,142:INFO:setup(target=None, ml_usecase=anomaly, available_plots={'tsne': 'Anomaly TSnE (3d)', 'umap': 'UMAP Dimensionality'}, train_size=0.7, test_data=None, preprocess=True, imputation_type=simple, iterative_imputation_iters=5, categorical_features=None, categorical_imputation=mode, categorical_iterative_imputer=lightgbm, ordinal_features=None, high_cardinality_features=None, high_cardinality_method=frequency, numeric_features=None, numeric_imputation=mean, numeric_iterative_imputer=lightgbm, date_features=None, ignore_features=None, normalize=False, normalize_method=zscore, transformation=False, transformation_method=yeo-johnson, handle_unknown_categorical=True, unknown_categorical_method=least_frequent, pca=False, pca_method=linear, pca_components=None, ignore_low_variance=False, combine_rare_levels=False, rare_level_threshold=0.1, bin_numeric_features=None, remove_outliers=False, outliers_threshold=0.05, remove_multicollinearity=False, multicollinearity_threshold=0.9, remove_perfect_collinearity=False, create_clusters=False, cluster_iter=20, polynomial_features=False, polynomial_degree=2, trigonometry_features=False, polynomial_threshold=0.1, group_features=None, group_names=None, feature_selection=False, feature_selection_threshold=0.8, feature_selection_method=classic, feature_interaction=False, feature_ratio=False, interaction_threshold=0.01, fix_imbalance=False, fix_imbalance_method=None, transform_target=False, transform_target_method=box-cox, data_split_shuffle=False, data_split_stratify=False, fold_strategy=kfold, fold=10, fold_shuffle=False, fold_groups=None, n_jobs=-1, use_gpu=False, custom_pipeline=None, html=True, session_id=None, log_experiment=False, experiment_name=None, log_plots=False, log_profile=False, log_data=False, silent=False, verbose=True, profile=False, profile_kwargs=None, display=None)
2021-11-02 15:42:20,142:INFO:Checking environment
2021-11-02 15:42:20,142:INFO:python_version: 3.8.5
2021-11-02 15:42:20,142:INFO:python_build: ('default', 'Sep  3 2020 21:29:08')
2021-11-02 15:42:20,142:INFO:machine: AMD64
2021-11-02 15:42:20,143:INFO:platform: Windows-10-10.0.19041-SP0
2021-11-02 15:42:20,143:INFO:Memory: svmem(total=8370114560, available=1120751616, percent=86.6, used=7249362944, free=1120751616)
2021-11-02 15:42:20,143:INFO:Physical Core: 2
2021-11-02 15:42:20,143:INFO:Logical Core: 4
2021-11-02 15:42:20,143:INFO:Checking libraries
2021-11-02 15:42:20,143:INFO:pd==1.3.3
2021-11-02 15:42:20,143:INFO:numpy==1.19.5
2021-11-02 15:42:20,143:INFO:sklearn==0.23.2
2021-11-02 15:42:20,143:INFO:lightgbm==3.3.0
2021-11-02 15:42:20,144:WARNING:catboost not found
2021-11-02 15:42:20,145:WARNING:xgboost not found
2021-11-02 15:42:35,109:INFO:mlflow==1.20.2
2021-11-02 15:42:35,109:INFO:Checking Exceptions
2021-11-02 15:42:35,110:INFO:Declaring global variables
2021-11-02 15:42:35,110:INFO:USI: c3ed
2021-11-02 15:42:35,110:INFO:pycaret_globals: {'stratify_param', 'gpu_param', 'X', 'display_container', 'fold_generator', 'experiment__', 'exp_name_log', 'pycaret_globals', 'transform_target_param', 'logging_param', 'transform_target_method_param', '_all_models_internal', 'fix_imbalance_method_param', '_gpu_n_jobs_param', 'iterative_imputation_iters_param', 'imputation_regressor', 'fold_groups_param_full', '_available_plots', 'prep_pipe', 'master_model_container', 'fold_shuffle_param', '_all_models', 'target_param', 'imputation_classifier', 'n_jobs_param', '_internal_pipeline', '_all_metrics', 'seed', 'create_model_container', '_ml_usecase', 'log_plots_param', 'data_before_preprocess', 'fold_param', 'fold_groups_param', 'fix_imbalance_param', 'USI', 'html_param'}
2021-11-02 15:42:35,124:INFO:Preparing display monitor
2021-11-02 15:42:35,124:INFO:Preparing display monitor
2021-11-02 15:42:35,154:INFO:Importing libraries
2021-11-02 15:42:35,154:INFO:Copying data for preprocessing
2021-11-02 15:42:35,172:INFO:Declaring preprocessing parameters
2021-11-02 15:42:35,359:INFO:Creating preprocessing pipeline
2021-11-02 15:42:35,382:INFO:Preprocessing pipeline created successfully
2021-11-02 15:42:35,387:ERROR:(Process Exit): setup has been interupted with user command 'quit'. setup must rerun.
2021-11-02 15:42:35,387:INFO:Creating global containers
2021-11-02 15:42:35,696:INFO:Internal pipeline: Pipeline(memory=None, steps=[('empty_step', 'passthrough')], verbose=False)
2021-11-02 15:42:38,912:INFO:Creating grid variables
2021-11-02 15:42:38,936:INFO:create_model_container: 0
2021-11-02 15:42:38,937:INFO:master_model_container: 0
2021-11-02 15:42:38,937:INFO:display_container: 1
2021-11-02 15:42:39,073:INFO:Pipeline(memory=None,
         steps=[('dtypes',
                 DataTypes_Auto_infer(categorical_features=[],
                                      display_types=True, features_todrop=[],
                                      id_columns=[], ml_usecase='regression',
                                      numerical_features=[],
                                      target='UNSUPERVISED_DUMMY_TARGET',
                                      time_features=[])),
                ('imputer',
                 Simple_Imputer(categorical_strategy='most frequent',
                                fill_value_categorical=None,
                                fill_value_numerical=None...
                ('scaling', 'passthrough'), ('P_transform', 'passthrough'),
                ('binn', 'passthrough'), ('rem_outliers', 'passthrough'),
                ('cluster_all', 'passthrough'),
                ('dummy', Dummify(target='UNSUPERVISED_DUMMY_TARGET')),
                ('fix_perfect', 'passthrough'),
                ('clean_names', Clean_Colum_Names()),
                ('feature_select', 'passthrough'), ('fix_multi', 'passthrough'),
                ('dfs', 'passthrough'), ('pca', 'passthrough')],
         verbose=False)
2021-11-02 15:42:39,074:INFO:setup() succesfully completed......................................
2021-11-02 15:47:34,413:INFO:gpu_param set to False
2021-11-02 15:50:55,812:INFO:PyCaret Supervised Module
2021-11-02 15:50:55,813:INFO:ML Usecase: clustering
2021-11-02 15:50:55,814:INFO:version 2.3.4
2021-11-02 15:50:55,814:INFO:Initializing setup()
2021-11-02 15:50:55,815:INFO:setup(target=None, ml_usecase=clustering, available_plots={'cluster': 'Cluster PCA Plot (2d)', 'tsne': 'Cluster TSnE (3d)', 'elbow': 'Elbow', 'silhouette': 'Silhouette', 'distance': 'Distance', 'distribution': 'Distribution'}, train_size=0.7, test_data=None, preprocess=True, imputation_type=simple, iterative_imputation_iters=5, categorical_features=None, categorical_imputation=mode, categorical_iterative_imputer=lightgbm, ordinal_features=None, high_cardinality_features=None, high_cardinality_method=frequency, numeric_features=None, numeric_imputation=mean, numeric_iterative_imputer=lightgbm, date_features=None, ignore_features=None, normalize=False, normalize_method=zscore, transformation=False, transformation_method=yeo-johnson, handle_unknown_categorical=True, unknown_categorical_method=least_frequent, pca=False, pca_method=linear, pca_components=None, ignore_low_variance=False, combine_rare_levels=False, rare_level_threshold=0.1, bin_numeric_features=None, remove_outliers=False, outliers_threshold=0.05, remove_multicollinearity=False, multicollinearity_threshold=0.9, remove_perfect_collinearity=False, create_clusters=False, cluster_iter=20, polynomial_features=False, polynomial_degree=2, trigonometry_features=False, polynomial_threshold=0.1, group_features=None, group_names=None, feature_selection=False, feature_selection_threshold=0.8, feature_selection_method=classic, feature_interaction=False, feature_ratio=False, interaction_threshold=0.01, fix_imbalance=False, fix_imbalance_method=None, transform_target=False, transform_target_method=box-cox, data_split_shuffle=False, data_split_stratify=False, fold_strategy=kfold, fold=10, fold_shuffle=False, fold_groups=None, n_jobs=-1, use_gpu=False, custom_pipeline=None, html=True, session_id=None, log_experiment=False, experiment_name=None, log_plots=False, log_profile=False, log_data=False, silent=False, verbose=True, profile=False, profile_kwargs=None, display=None)
2021-11-02 15:50:55,850:INFO:Checking environment
2021-11-02 15:50:55,851:INFO:python_version: 3.8.5
2021-11-02 15:50:55,851:INFO:python_build: ('default', 'Sep  3 2020 21:29:08')
2021-11-02 15:50:55,851:INFO:machine: AMD64
2021-11-02 15:50:55,851:INFO:platform: Windows-10-10.0.19041-SP0
2021-11-02 15:50:55,851:INFO:Memory: svmem(total=8370114560, available=1070428160, percent=87.2, used=7299686400, free=1070428160)
2021-11-02 15:50:55,851:INFO:Physical Core: 2
2021-11-02 15:50:55,851:INFO:Logical Core: 4
2021-11-02 15:50:55,851:INFO:Checking libraries
2021-11-02 15:50:55,851:INFO:pd==1.3.3
2021-11-02 15:50:55,851:INFO:numpy==1.19.5
2021-11-02 15:50:55,851:INFO:sklearn==0.23.2
2021-11-02 15:50:55,851:INFO:lightgbm==3.3.0
2021-11-02 15:50:55,852:WARNING:catboost not found
2021-11-02 15:50:55,853:WARNING:xgboost not found
2021-11-02 15:50:55,853:INFO:mlflow==1.20.2
2021-11-02 15:50:55,853:INFO:Checking Exceptions
2021-11-02 15:50:55,853:INFO:Declaring global variables
2021-11-02 15:50:55,853:INFO:USI: 9bdf
2021-11-02 15:50:55,853:INFO:pycaret_globals: {'stratify_param', 'gpu_param', 'X', 'display_container', 'fold_generator', 'experiment__', 'exp_name_log', 'pycaret_globals', 'transform_target_param', 'logging_param', 'transform_target_method_param', '_all_models_internal', 'fix_imbalance_method_param', '_gpu_n_jobs_param', 'iterative_imputation_iters_param', 'imputation_regressor', 'fold_groups_param_full', '_available_plots', 'prep_pipe', 'master_model_container', 'fold_shuffle_param', '_all_models', 'target_param', 'imputation_classifier', 'n_jobs_param', '_internal_pipeline', '_all_metrics', 'seed', 'create_model_container', '_ml_usecase', 'log_plots_param', 'data_before_preprocess', 'fold_param', 'fold_groups_param', 'fix_imbalance_param', 'USI', 'html_param'}
2021-11-02 15:50:55,853:INFO:Preparing display monitor
2021-11-02 15:50:55,854:INFO:Preparing display monitor
2021-11-02 15:50:55,869:INFO:Importing libraries
2021-11-02 15:50:55,869:INFO:Copying data for preprocessing
2021-11-02 15:50:55,887:INFO:Declaring preprocessing parameters
2021-11-02 15:50:55,889:INFO:Creating preprocessing pipeline
2021-11-02 15:50:55,904:INFO:Preprocessing pipeline created successfully
2021-11-02 15:50:55,904:ERROR:(Process Exit): setup has been interupted with user command 'quit'. setup must rerun.
2021-11-02 15:50:55,904:INFO:Creating global containers
2021-11-02 15:50:55,905:INFO:Internal pipeline: Pipeline(memory=None, steps=[('empty_step', 'passthrough')], verbose=False)
2021-11-02 15:51:03,312:INFO:Creating grid variables
2021-11-02 15:51:03,324:INFO:create_model_container: 0
2021-11-02 15:51:03,324:INFO:master_model_container: 0
2021-11-02 15:51:03,325:INFO:display_container: 1
2021-11-02 15:51:03,338:INFO:Pipeline(memory=None,
         steps=[('dtypes',
                 DataTypes_Auto_infer(categorical_features=[],
                                      display_types=True, features_todrop=[],
                                      id_columns=[], ml_usecase='regression',
                                      numerical_features=[],
                                      target='UNSUPERVISED_DUMMY_TARGET',
                                      time_features=[])),
                ('imputer',
                 Simple_Imputer(categorical_strategy='most frequent',
                                fill_value_categorical=None,
                                fill_value_numerical=None...
                ('scaling', 'passthrough'), ('P_transform', 'passthrough'),
                ('binn', 'passthrough'), ('rem_outliers', 'passthrough'),
                ('cluster_all', 'passthrough'),
                ('dummy', Dummify(target='UNSUPERVISED_DUMMY_TARGET')),
                ('fix_perfect', 'passthrough'),
                ('clean_names', Clean_Colum_Names()),
                ('feature_select', 'passthrough'), ('fix_multi', 'passthrough'),
                ('dfs', 'passthrough'), ('pca', 'passthrough')],
         verbose=False)
2021-11-02 15:51:03,338:INFO:setup() succesfully completed......................................
2021-11-02 15:51:03,516:INFO:gpu_param set to False
2021-11-02 15:51:19,026:INFO:Initializing create_model()
2021-11-02 15:51:19,027:INFO:create_model(estimator=kmeans, num_clusters=4, fraction=0.05, ground_truth=None, round=4, fit_kwargs=None, verbose=True, system=True, add_to_model_list=True, raise_num_clusters=False, display=None, kwargs={})
2021-11-02 15:51:19,027:INFO:Checking exceptions
2021-11-02 15:51:19,028:INFO:Preparing display monitor
2021-11-02 15:51:19,057:INFO:Importing libraries
2021-11-02 15:51:19,071:INFO:Importing untrained model
2021-11-02 15:51:19,085:INFO:K-Means Clustering Imported succesfully
2021-11-02 15:51:19,099:INFO:Fitting Model
2021-11-02 15:51:19,802:INFO:KMeans(algorithm='auto', copy_x=True, init='k-means++', max_iter=300,
       n_clusters=4, n_init=10, n_jobs=-1, precompute_distances='deprecated',
       random_state=725, tol=0.0001, verbose=0)
2021-11-02 15:51:19,803:INFO:create_models() succesfully completed......................................
2021-11-02 15:51:19,804:INFO:Uploading results into container
2021-11-02 15:51:19,811:INFO:Uploading model into container now
2021-11-02 15:51:19,824:INFO:create_model_container: 1
2021-11-02 15:51:19,824:INFO:master_model_container: 1
2021-11-02 15:51:19,825:INFO:display_container: 2
2021-11-02 15:51:19,827:INFO:KMeans(algorithm='auto', copy_x=True, init='k-means++', max_iter=300,
       n_clusters=4, n_init=10, n_jobs=-1, precompute_distances='deprecated',
       random_state=725, tol=0.0001, verbose=0)
2021-11-02 15:51:19,827:INFO:create_model() succesfully completed......................................
2021-11-02 15:51:47,515:INFO:Initializing create_model()
2021-11-02 15:51:47,517:INFO:create_model(estimator=kmeans, num_clusters=4, fraction=0.05, ground_truth=None, round=4, fit_kwargs=None, verbose=True, system=True, add_to_model_list=True, raise_num_clusters=False, display=None, kwargs={})
2021-11-02 15:51:47,517:INFO:Checking exceptions
2021-11-02 15:51:47,517:INFO:Preparing display monitor
2021-11-02 15:51:47,555:INFO:Importing libraries
2021-11-02 15:51:47,568:INFO:Importing untrained model
2021-11-02 15:51:47,585:INFO:K-Means Clustering Imported succesfully
2021-11-02 15:51:47,597:INFO:Fitting Model
2021-11-02 15:51:47,815:INFO:KMeans(algorithm='auto', copy_x=True, init='k-means++', max_iter=300,
       n_clusters=4, n_init=10, n_jobs=-1, precompute_distances='deprecated',
       random_state=725, tol=0.0001, verbose=0)
2021-11-02 15:51:47,815:INFO:create_models() succesfully completed......................................
2021-11-02 15:51:47,816:INFO:Uploading results into container
2021-11-02 15:51:47,822:INFO:Uploading model into container now
2021-11-02 15:51:47,833:INFO:create_model_container: 2
2021-11-02 15:51:47,834:INFO:master_model_container: 2
2021-11-02 15:51:47,834:INFO:display_container: 3
2021-11-02 15:51:47,835:INFO:KMeans(algorithm='auto', copy_x=True, init='k-means++', max_iter=300,
       n_clusters=4, n_init=10, n_jobs=-1, precompute_distances='deprecated',
       random_state=725, tol=0.0001, verbose=0)
2021-11-02 15:51:47,835:INFO:create_model() succesfully completed......................................
2021-11-02 15:52:59,288:INFO:Initializing plot_model()
2021-11-02 15:52:59,289:INFO:plot_model(fold=None, use_train_data=False, verbose=True, is_in_evaluate=False, display=None, display_format=None, estimator=KMeans(algorithm='auto', copy_x=True, init='k-means++', max_iter=300,
       n_clusters=4, n_init=10, n_jobs=-1, precompute_distances='deprecated',
       random_state=725, tol=0.0001, verbose=0), feature_name=None, fit_kwargs=None, groups=None, label=False, plot=cluster, save=False, scale=1, system=True)
2021-11-02 15:52:59,289:INFO:Checking exceptions
2021-11-02 15:52:59,291:INFO:Preparing display monitor
2021-11-02 15:52:59,307:INFO:Preloading libraries
2021-11-02 15:52:59,309:INFO:Copying training dataset
2021-11-02 15:52:59,309:INFO:Plot type: cluster
2021-11-02 15:53:01,008:INFO:SubProcess assign_model() called ==================================
2021-11-02 15:53:01,013:INFO:Initializing assign_model()
2021-11-02 15:53:01,013:INFO:assign_model(model=Pipeline(memory=None,
         steps=[('empty_step', 'passthrough'),
                ('actual_estimator',
                 KMeans(algorithm='auto', copy_x=True, init='k-means++',
                        max_iter=300, n_clusters=4, n_init=10, n_jobs=-1,
                        precompute_distances='deprecated', random_state=725,
                        tol=0.0001, verbose=0))],
         verbose=False), transformation=True, score=True, verbose=False)
2021-11-02 15:53:01,013:INFO:Checking exceptions
2021-11-02 15:53:01,013:INFO:Determining Trained Model
2021-11-02 15:53:01,013:INFO:Trained Model : K-Means Clustering
2021-11-02 15:53:01,013:INFO:Copying data
2021-11-02 15:53:01,014:INFO:Transformation param set to True. Assigned clusters are attached on transformed dataset.
2021-11-02 15:53:01,016:INFO:(1000, 11)
2021-11-02 15:53:01,017:INFO:assign_model() succesfully completed......................................
2021-11-02 15:53:01,017:INFO:SubProcess assign_model() end ==================================
2021-11-02 15:53:01,024:INFO:Fitting PCA()
2021-11-02 15:53:01,204:INFO:Sorting dataframe
2021-11-02 15:53:01,213:INFO:Rendering Visual
2021-11-02 15:53:43,041:INFO:Visual Rendered Successfully
2021-11-02 15:53:43,145:INFO:plot_model() succesfully completed......................................
